make all --print-data-base --no-builtin-variables --no-builtin-rules --question
make: *** No rule to make target 'boot/boot.o', needed by 'all'.  Stop.

# GNU Make 4.1
# Built for x86_64-pc-linux-gnu
# Copyright (C) 1988-2014 Free Software Foundation, Inc.
# License GPLv3+: GNU GPL version 3 or later <http://gnu.org/licenses/gpl.html>
# This is free software: you are free to change and redistribute it.
# There is NO WARRANTY, to the extent permitted by law.

# Make data base, printed on Mon May  9 00:52:15 2022

# Variables

# automatic
<D = $(patsubst %/,%,$(dir $<))
# automatic
?F = $(notdir $?)
# default
.SHELLFLAGS := -c
# environment
VSCODE_AGENT_FOLDER = /root/.vscode-server
# makefile (from 'Makefile', line 12)
LD_FLAGS = -T scripts/kernel.ld -m elf_i386 -nostdlib -Map ./build/kernel.map
# environment
VSCODE_LOG_NATIVE = false
# automatic
?D = $(patsubst %/,%,$(dir $?))
# automatic
@D = $(patsubst %/,%,$(dir $@))
# automatic
@F = $(notdir $@)
# default
MAKE_VERSION := 4.1
# makefile
CURDIR := /root/project/OS
# makefile
SHELL = /bin/sh
# environment
VSCODE_NLS_CONFIG = {"locale":"zh-cn","availableLanguages":{}}
# environment
_ = /root/.vscode-server/bin/57fd6d0195bb9b9d1b49f6da5db789060795de47/node
# makefile (from 'Makefile', line 1)
MAKEFILE_LIST :=  Makefile
# 'override' directive
GNUMAKEFLAGS := 
# environment
XDG_DATA_DIRS = /usr/local/share:/usr/share:/var/lib/snapd/desktop
# environment
DBUS_SESSION_BUS_ADDRESS = unix:path=/run/user/0/bus
# environment
VSCODE_VERBOSE_LOGGING = true
# environment
LESSOPEN = | /usr/bin/lesspipe %s
# environment
VSCODE_CWD = /root
# environment
SSH_CONNECTION = 192.168.138.1 57690 192.168.138.132 22
# environment
PATH = /root/.vscode-server/bin/57fd6d0195bb9b9d1b49f6da5db789060795de47/bin/remote-cli:/root/anaconda3/bin:/root/anaconda3/condabin:/usr/local/sbin:/usr/local/bin:/usr/sbin:/usr/bin:/sbin:/bin:/usr/games:/usr/local/games:/snap/bin
# makefile (from 'Makefile', line 8)
LD = ld
# environment
XDG_RUNTIME_DIR = /run/user/0
# environment
CONDA_PREFIX = /root/anaconda3
# environment
VSCODE_LOG_STACK = false
# default
.FEATURES := target-specific order-only second-expansion else-if shortest-stem undefine oneshell archives jobserver output-sync check-symlink load
# makefile (from 'Makefile', line 13)
ASM_FLAGS = -f elf -g -F stabs
# environment
LS_COLORS = 
# automatic
%F = $(notdir $%)
# environment
CONDA_EXE = /root/anaconda3/bin/conda
# makefile (from 'Makefile', line 5)
S_OBJECTS = $(patsubst %.s, %.o, $(S_SOURCES))
# environment
VSCODE_PIPE_LOGGING = true
# environment
PWD = /root/project/OS
# environment
VSCODE_IPC_HOOK_CLI = /run/user/0/vscode-ipc-54a195b8-da9c-48d0-8a19-a8780b445e04.sock
# automatic
*D = $(patsubst %/,%,$(dir $*))
# environment
VSCODE_AMD_ENTRYPOINT = vs/workbench/api/node/extensionHostProcess
# environment
HOME = /root
# environment
LESSCLOSE = /usr/bin/lesspipe %s %s
# environment
LOGNAME = root
# environment
APPLICATION_INSIGHTS_NO_DIAGNOSTIC_CHANNEL = true
# environment
CONDA_PROMPT_MODIFIER = (base) 
# automatic
+F = $(notdir $+)
# environment
VSCODE_HANDLES_UNCAUGHT_ERRORS = true
# automatic
^D = $(patsubst %/,%,$(dir $^))
# makefile (from 'Makefile', line 4)
S_SOURCES = $(shell find . -name "*.s")
# environment
MAKELEVEL := 0
# environment
CONDA_DEFAULT_ENV = base
# default
MAKE = $(MAKE_COMMAND)
# default
MAKECMDGOALS := all
# environment
SHLVL = 3
# makefile (from 'Makefile', line 9)
ASM = nasm
# makefile (from 'Makefile', line 7)
CC = gcc
# environment
XDG_SESSION_ID = 101
# environment
USER = root
# makefile
.DEFAULT_GOAL := all
# automatic
%D = $(patsubst %/,%,$(dir $%))
# environment
CONDA_SHLVL = 1
# default
MAKE_COMMAND := make
# default
.VARIABLES := 
# automatic
*F = $(notdir $*)
# makefile
MAKEFLAGS = pqrR
# environment
MFLAGS = -pqrR
# environment
SSH_CLIENT = 192.168.138.1 57690 22
# environment
MAIL = /var/mail/root
# automatic
+D = $(patsubst %/,%,$(dir $+))
# environment
BROWSER = /root/.vscode-server/bin/57fd6d0195bb9b9d1b49f6da5db789060795de47/bin/helpers/browser.sh
# environment
VSCODE_HANDLES_SIGPIPE = true
# default
MAKEFILES := 
# automatic
<F = $(notdir $<)
# environment
https_proxy = http://192.168.138.1:7890
# makefile (from 'Makefile', line 11)
C_FLAGS = -I ./include/ -c -fno-builtin -m32 -fno-stack-protector -nostdinc -fno-pic -gdwarf-2
# environment
LC_ALL = C
# environment
CONDA_PYTHON_EXE = /root/anaconda3/bin/python
# automatic
^F = $(notdir $^)
# makefile (from 'Makefile', line 2)
C_SOURCES = $(shell find . -name "*.c")
# default
SUFFIXES := 
# environment
_CE_M = 
# default
.INCLUDE_DIRS = /usr/include /usr/local/include /usr/include
# default
.RECIPEPREFIX := 
# makefile (from 'Makefile', line 3)
C_OBJECTS = $(patsubst %.c, %.o, $(C_SOURCES))
# environment
http_proxy = http://192.168.138.1:7890
# default
MAKE_HOST := x86_64-pc-linux-gnu
# environment
LANG = C
# environment
VSCODE_EXTHOST_WILL_SEND_SOCKET = true
# environment
_CE_CONDA = 
# variable set hash-table stats:
# Load=87/1024=8%, Rehash=0, Collisions=13/122=11%

# Pattern-specific Variable Values

# No pattern-specific variable values.

# Directories

# . (device 2049, inode 1442764): 21 files, no impossibilities.

# 21 files, no impossibilities in 1 directories.

# Implicit Rules

# No implicit rules.

# Files

qemu:
#  Phony target (prerequisite of .PHONY).
#  Implicit rule search has not been done.
#  File does not exist.
#  File has not been updated.
#  recipe to execute (from 'Makefile', line 48):
	qemu-system-i386  -serial stdio -s -S -drive file=./hda.img,format=raw,index=0,media=disk -m 512

link:
#  Implicit rule search has not been done.
#  Modification time never checked.
#  File has not been updated.
#  recipe to execute (from 'Makefile', line 26):
	@echo 链接内核文件...
	$(LD) $(LD_FLAGS) $(S_OBJECTS) $(C_OBJECTS) -o kernel.bin

all: boot/grub_head.o boot/boot.o arch/i386/kernel/init_task.o arch/i386/kernel/setup.o kernel/panic.o kernel/printk.o init/main.o lib/vsprintf.o lib/string.o link update_image
#  Command line target.
#  Implicit rule search has been done.
#  File does not exist.
#  File has not been updated.

.PHONY: clean update_image mount_image umount_image qemu debug
#  Implicit rule search has not been done.
#  Modification time never checked.
#  File has not been updated.

# Not a target:
arch/i386/kernel/setup.o:
#  Implicit rule search has not been done.
#  Modification time never checked.
#  File has not been updated.

# Not a target:
Makefile:
#  Implicit rule search has been done.
#  Last modified 2022-05-09 00:52:07.43843797
#  File has been updated.
#  Successfully updated.

debug:
#  Phony target (prerequisite of .PHONY).
#  Implicit rule search has not been done.
#  File does not exist.
#  File has not been updated.
#  recipe to execute (from 'Makefile', line 58):
	gdb -x ./gdbinit

mount_image:
#  Phony target (prerequisite of .PHONY).
#  Implicit rule search has not been done.
#  File does not exist.
#  File has not been updated.
#  recipe to execute (from 'Makefile', line 40):
	mount -o loop ./hda.img ./hdisk/

update_image:
#  Phony target (prerequisite of .PHONY).
#  Implicit rule search has not been done.
#  File does not exist.
#  File has not been updated.
#  recipe to execute (from 'Makefile', line 35):
	cp kernel.bin ./hdisk/boot/
	sleep 1

# Not a target:
kernel/panic.o:
#  Implicit rule search has not been done.
#  Modification time never checked.
#  File has not been updated.

# Not a target:
init/main.o:
#  Implicit rule search has not been done.
#  Modification time never checked.
 
#  File has not been updated.

.c.o:
#  Implicit rule search has not been done.
#  Modification time never checked.
#  File has not been updated.
#  recipe to execute (from 'Makefile', line 18):
	@echo 编译代码文件 $< ...
	$(CC) $(C_FLAGS) $< -o $@
	

# Not a target:
arch/i386/kernel/init_task.o:
#  Implicit rule search has not been done.
#  Modification time never checked.
#  File has not been updated.

# Not a target:
kernel/printk.o:
#  Implicit rule search has not been done.
#  Modification time never checked.
#  File has not been updated.

# Not a target:
.DEFAULT:
#  Implicit rule search has not been done.
#  Modification time never checked.
#  File has not been updated.

clean:
#  Phony target (prerequisite of .PHONY).
#  Implicit rule search has not been done.
#  File does not exist.
#  File has not been updated.
#  recipe to execute (from 'Makefile', line 31):
	$(RM) $(S_OBJECTS) $(C_OBJECTS) kernel.bin

umount_image:
#  Phony target (prerequisite of .PHONY).
#  Implicit rule search has not been done.
#  File does not exist.
#  File has not been updated.
#  recipe to execute (from 'Makefile', line 44):
	umount ./hdisk

# Not a target:
boot/boot.o:
#  Implicit rule search has been done.
#  File does not exist.
#  File has not been updated.

# Not a target:
boot/grub_head.o:
#  Implicit rule search has been done.
#  Last modified 2022-05-09 00:52:10.882423168
#  File has been updated.
#  Successfully updated.

.s.o:
#  Implicit rule search has not been done.
#  Modification time never checked.
#  File has not been updated.
#  recipe to execute (from 'Makefile', line 22):
	@echo 编译汇编文件 $< ...
	$(ASM) $(ASM_FLAGS) $<

# Not a target:
lib/string.o:
#  Implicit rule search has not been done.
#  Modification time never checked.
#  File has not been updated.

# Not a target:
lib/vsprintf.o:
#  Implicit rule search has not been done.
#  Modification time never checked.
#  File has not been updated.

# files hash-table stats:
# Load=23/1024=2%, Rehash=0, Collisions=4/63=6%
# VPATH Search Paths

# No 'vpath' search paths.

# No general ('VPATH' variable) search path.

# strcache buffers: 1 (0) / strings = 45 / storage = 431 B / avg = 9 B
# current buf: size = 8162 B / used = 431 B / count = 45 / avg = 9 B

# strcache performance: lookups = 79 / hit rate = 43%
# hash-table stats:
# Load=45/8192=1%, Rehash=0, Collisions=6/79=8%
# Finished Make data base on Mon May  9 00:52:15 2022

 
